<?xml version="1.0" encoding="UTF-8"?>
<!-- Generated by org.testng.reporters.JUnitReportReporter -->
<testsuite hostname="DESKTOP-GSF0NSK" failures="0" tests="7" name="Demo.appiumFramework.Test_HybrideApp" time="120.923" errors="0" timestamp="2023-05-26T23:10:49 IST" skipped="1">
  <testcase classname="Demo.appiumFramework.Test_HybrideApp" name="Book_Now" time="35.376"/>
  <system-out/>
  <testcase classname="Demo.appiumFramework.Test_HybrideApp" name="search" time="12.858"/>
  <system-out/>
  <testcase classname="Demo.appiumFramework.Test_HybrideApp" name="coll_us" time="19.087"/>
  <system-out/>
  <testcase classname="Demo.appiumFramework.Test_HybrideApp" name="aboutUs" time="22.902"/>
  <system-out/>
  <testcase classname="Demo.appiumFramework.Test_HybrideApp" name="update_profile" time="15.216"/>
  <system-out/>
  <testcase classname="Demo.appiumFramework.Test_HybrideApp" name="Testcase8" time="15.484"/>
  <system-out/>
  <testcase classname="Demo.appiumFramework.Test_HybrideApp" name="Info_Center">
    <skipped/>
  </testcase> <!-- Info_Center -->
  <system-out/>
</testsuite> <!-- Demo.appiumFramework.Test_HybrideApp -->
